{"/Users/zane/playground/s3-empty-bucket/src/cli/s3-empty-bucket.mjs": {"path":"/Users/zane/playground/s3-empty-bucket/src/cli/s3-empty-bucket.mjs","statementMap":{"0":{"start":{"line":1,"column":0},"end":{"line":1,"column":null}},"1":{"start":{"line":3,"column":0},"end":{"line":3,"column":null}},"2":{"start":{"line":4,"column":0},"end":{"line":4,"column":null}},"3":{"start":{"line":5,"column":0},"end":{"line":5,"column":null}},"4":{"start":{"line":7,"column":0},"end":{"line":7,"column":null}},"5":{"start":{"line":8,"column":0},"end":{"line":8,"column":null}},"6":{"start":{"line":9,"column":0},"end":{"line":9,"column":null}},"7":{"start":{"line":11,"column":22},"end":{"line":37,"column":1}},"8":{"start":{"line":13,"column":2},"end":{"line":17,"column":null}},"9":{"start":{"line":14,"column":4},"end":{"line":14,"column":null}},"10":{"start":{"line":16,"column":4},"end":{"line":16,"column":null}},"11":{"start":{"line":18,"column":87},"end":{"line":18,"column":94}},"12":{"start":{"line":19,"column":21},"end":{"line":19,"column":43}},"13":{"start":{"line":21,"column":2},"end":{"line":27,"column":null}},"14":{"start":{"line":22,"column":4},"end":{"line":22,"column":null}},"15":{"start":{"line":23,"column":4},"end":{"line":23,"column":null}},"16":{"start":{"line":24,"column":9},"end":{"line":27,"column":null}},"17":{"start":{"line":25,"column":4},"end":{"line":25,"column":null}},"18":{"start":{"line":26,"column":4},"end":{"line":26,"column":null}},"19":{"start":{"line":29,"column":2},"end":{"line":36,"column":null}},"20":{"start":{"line":30,"column":24},"end":{"line":30,"column":64}},"21":{"start":{"line":31,"column":21},"end":{"line":31,"column":50}},"22":{"start":{"line":33,"column":4},"end":{"line":33,"column":null}},"23":{"start":{"line":35,"column":4},"end":{"line":35,"column":null}},"24":{"start":{"line":37,"column":1},"end":{"line":37,"column":null}},"25":{"start":{"line":39,"column":20},"end":{"line":55,"column":1}},"26":{"start":{"line":40,"column":18},"end":{"line":40,"column":19}},"27":{"start":{"line":41,"column":2},"end":{"line":53,"column":null}},"28":{"start":{"line":42,"column":4},"end":{"line":42,"column":null}},"29":{"start":{"line":43,"column":9},"end":{"line":53,"column":null}},"30":{"start":{"line":44,"column":4},"end":{"line":44,"column":null}},"31":{"start":{"line":45,"column":4},"end":{"line":45,"column":null}},"32":{"start":{"line":46,"column":4},"end":{"line":46,"column":null}},"33":{"start":{"line":47,"column":9},"end":{"line":53,"column":null}},"34":{"start":{"line":48,"column":4},"end":{"line":48,"column":null}},"35":{"start":{"line":49,"column":4},"end":{"line":49,"column":null}},"36":{"start":{"line":51,"column":4},"end":{"line":51,"column":null}},"37":{"start":{"line":52,"column":4},"end":{"line":52,"column":null}},"38":{"start":{"line":54,"column":2},"end":{"line":54,"column":26}},"39":{"start":{"line":57,"column":19},"end":{"line":70,"column":1}},"40":{"start":{"line":58,"column":19},"end":{"line":67,"column":null}},"41":{"start":{"line":66,"column":68},"end":{"line":66,"column":99}},"42":{"start":{"line":69,"column":2},"end":{"line":69,"column":null}}},"fnMap":{"0":{"name":"(anonymous_0)","decl":{"start":{"line":11,"column":22},"end":{"line":11,"column":34}},"loc":{"start":{"line":11,"column":34},"end":{"line":37,"column":1}}},"1":{"name":"(anonymous_1)","decl":{"start":{"line":39,"column":20},"end":{"line":39,"column":21}},"loc":{"start":{"line":39,"column":39},"end":{"line":55,"column":1}}},"2":{"name":"(anonymous_2)","decl":{"start":{"line":57,"column":19},"end":{"line":57,"column":25}},"loc":{"start":{"line":57,"column":25},"end":{"line":70,"column":1}}},"3":{"name":"(anonymous_3)","decl":{"start":{"line":66,"column":40},"end":{"line":66,"column":41}},"loc":{"start":{"line":66,"column":68},"end":{"line":66,"column":99}}}},"branchMap":{"0":{"loc":{"start":{"line":21,"column":2},"end":{"line":27,"column":null}},"type":"if","locations":[{"start":{"line":21,"column":2},"end":{"line":27,"column":null}},{"start":{"line":24,"column":9},"end":{"line":27,"column":null}}]},"1":{"loc":{"start":{"line":21,"column":6},"end":{"line":21,"column":56}},"type":"binary-expr","locations":[{"start":{"line":21,"column":6},"end":{"line":21,"column":19}},{"start":{"line":21,"column":23},"end":{"line":21,"column":56}}]},"2":{"loc":{"start":{"line":24,"column":9},"end":{"line":27,"column":null}},"type":"if","locations":[{"start":{"line":24,"column":9},"end":{"line":27,"column":null}}]},"3":{"loc":{"start":{"line":41,"column":2},"end":{"line":53,"column":null}},"type":"if","locations":[{"start":{"line":41,"column":2},"end":{"line":53,"column":null}},{"start":{"line":43,"column":9},"end":{"line":53,"column":null}}]},"4":{"loc":{"start":{"line":43,"column":9},"end":{"line":53,"column":null}},"type":"if","locations":[{"start":{"line":43,"column":9},"end":{"line":53,"column":null}},{"start":{"line":47,"column":9},"end":{"line":53,"column":null}}]},"5":{"loc":{"start":{"line":47,"column":9},"end":{"line":53,"column":null}},"type":"if","locations":[{"start":{"line":47,"column":9},"end":{"line":53,"column":null}},{"start":{"line":50,"column":9},"end":{"line":53,"column":null}}]}},"s":{"0":0,"1":0,"2":0,"3":0,"4":0,"5":0,"6":0,"7":0,"8":0,"9":0,"10":0,"11":0,"12":0,"13":0,"14":0,"15":0,"16":0,"17":0,"18":0,"19":0,"20":0,"21":0,"22":0,"23":0,"24":0,"25":0,"26":0,"27":0,"28":0,"29":0,"30":0,"31":0,"32":0,"33":0,"34":0,"35":0,"36":0,"37":0,"38":0,"39":0,"40":0,"41":0,"42":0},"f":{"0":0,"1":0,"2":0,"3":0},"b":{"0":[0,0],"1":[0,0],"2":[0],"3":[0,0],"4":[0,0],"5":[0,0]}}
,"/Users/zane/playground/s3-empty-bucket/src/cli/lib/cli-spec.mjs": {"path":"/Users/zane/playground/s3-empty-bucket/src/cli/lib/cli-spec.mjs","statementMap":{"0":{"start":{"line":1,"column":20},"end":{"line":20,"column":1}}},"fnMap":{},"branchMap":{},"s":{"0":0},"f":{},"b":{}}
,"/Users/zane/playground/s3-empty-bucket/src/cli/lib/get-credentials.mjs": {"path":"/Users/zane/playground/s3-empty-bucket/src/cli/lib/get-credentials.mjs","statementMap":{"0":{"start":{"line":1,"column":0},"end":{"line":1,"column":null}},"1":{"start":{"line":3,"column":23},"end":{"line":9,"column":1}},"2":{"start":{"line":4,"column":2},"end":{"line":4,"column":null}},"3":{"start":{"line":6,"column":22},"end":{"line":6,"column":55}},"4":{"start":{"line":8,"column":2},"end":{"line":8,"column":null}},"5":{"start":{"line":9,"column":1},"end":{"line":9,"column":null}}},"fnMap":{"0":{"name":"(anonymous_0)","decl":{"start":{"line":3,"column":23},"end":{"line":3,"column":24}},"loc":{"start":{"line":3,"column":43},"end":{"line":9,"column":1}}}},"branchMap":{"0":{"loc":{"start":{"line":4,"column":15},"end":{"line":4,"column":65}},"type":"binary-expr","locations":[{"start":{"line":4,"column":15},"end":{"line":4,"column":25}},{"start":{"line":4,"column":29},"end":{"line":4,"column":52}},{"start":{"line":4,"column":56},"end":{"line":4,"column":65}}]}},"s":{"0":0,"1":0,"2":0,"3":0,"4":0,"5":0},"f":{"0":0},"b":{"0":[0,0,0]}}
,"/Users/zane/playground/s3-empty-bucket/src/lib/s3-empty-bucket.mjs": {"path":"/Users/zane/playground/s3-empty-bucket/src/lib/s3-empty-bucket.mjs","statementMap":{"0":{"start":{"line":1,"column":0},"end":{"line":1,"column":null}},"1":{"start":{"line":11,"column":20},"end":{"line":50,"column":1}},"2":{"start":{"line":12,"column":18},"end":{"line":12,"column":20}},"3":{"start":{"line":15,"column":2},"end":{"line":15,"column":null}},"4":{"start":{"line":16,"column":2},"end":{"line":24,"column":null}},"5":{"start":{"line":17,"column":31},"end":{"line":17,"column":95}},"6":{"start":{"line":18,"column":30},"end":{"line":18,"column":69}},"7":{"start":{"line":20,"column":21},"end":{"line":20,"column":53}},"8":{"start":{"line":21,"column":4},"end":{"line":21,"column":null}},"9":{"start":{"line":23,"column":4},"end":{"line":23,"column":null}},"10":{"start":{"line":26,"column":2},"end":{"line":41,"column":null}},"11":{"start":{"line":27,"column":4},"end":{"line":27,"column":null}},"12":{"start":{"line":29,"column":4},"end":{"line":29,"column":null}},"13":{"start":{"line":31,"column":18},"end":{"line":37,"column":5}},"14":{"start":{"line":34,"column":44},"end":{"line":34,"column":51}},"15":{"start":{"line":39,"column":33},"end":{"line":39,"column":64}},"16":{"start":{"line":40,"column":4},"end":{"line":40,"column":null}},"17":{"start":{"line":43,"column":2},"end":{"line":47,"column":null}},"18":{"start":{"line":44,"column":4},"end":{"line":44,"column":null}},"19":{"start":{"line":45,"column":32},"end":{"line":45,"column":80}},"20":{"start":{"line":46,"column":4},"end":{"line":46,"column":null}},"21":{"start":{"line":49,"column":2},"end":{"line":49,"column":null}},"22":{"start":{"line":50,"column":1},"end":{"line":50,"column":null}},"23":{"start":{"line":52,"column":17},"end":{"line":56,"column":1}},"24":{"start":{"line":53,"column":2},"end":{"line":55,"column":null}},"25":{"start":{"line":54,"column":4},"end":{"line":54,"column":null}}},"fnMap":{"0":{"name":"(anonymous_0)","decl":{"start":{"line":11,"column":20},"end":{"line":11,"column":27}},"loc":{"start":{"line":11,"column":75},"end":{"line":50,"column":1}}},"1":{"name":"(anonymous_1)","decl":{"start":{"line":34,"column":30},"end":{"line":34,"column":31}},"loc":{"start":{"line":34,"column":44},"end":{"line":34,"column":51}}},"2":{"name":"(anonymous_2)","decl":{"start":{"line":52,"column":17},"end":{"line":52,"column":18}},"loc":{"start":{"line":52,"column":39},"end":{"line":56,"column":1}}}},"branchMap":{"0":{"loc":{"start":{"line":20,"column":21},"end":{"line":20,"column":53}},"type":"binary-expr","locations":[{"start":{"line":20,"column":21},"end":{"line":20,"column":47}},{"start":{"line":20,"column":51},"end":{"line":20,"column":53}}]},"1":{"loc":{"start":{"line":26,"column":2},"end":{"line":41,"column":null}},"type":"if","locations":[{"start":{"line":26,"column":2},"end":{"line":41,"column":null}},{"start":{"line":28,"column":9},"end":{"line":41,"column":null}}]},"2":{"loc":{"start":{"line":43,"column":2},"end":{"line":47,"column":null}},"type":"if","locations":[{"start":{"line":43,"column":2},"end":{"line":47,"column":null}}]},"3":{"loc":{"start":{"line":53,"column":2},"end":{"line":55,"column":null}},"type":"if","locations":[{"start":{"line":53,"column":2},"end":{"line":55,"column":null}}]}},"s":{"0":1,"1":1,"2":1,"3":1,"4":1,"5":1,"6":1,"7":1,"8":1,"9":1,"10":1,"11":0,"12":1,"13":1,"14":2,"15":1,"16":1,"17":1,"18":0,"19":0,"20":0,"21":1,"22":1,"23":1,"24":3,"25":0},"f":{"0":1,"1":2,"2":3},"b":{"0":[1,0],"1":[0,1],"2":[0],"3":[0]}}
}
